<?xml version='1.0'?>
<ns2:test-suite xmlns:ns2='urn:model.allure.qatools.yandex.ru' start='1597695542929' stop='1597695542936'>
    <name>Sum</name>
    <title>Sum</title>
    <test-cases>
        <test-case start='1597695542930' status='undefined' stop='1597695542931'>
            <name>sum function </name>
            <title>sum function </title>
            <labels/>
            <parameters/>
            <steps/>
            <attachments/>
            <failure>
                <message>This test was disabled</message>
                <stack-trace>undefined</stack-trace>
            </failure>
        </test-case>
        <test-case start='1597695542931' status='undefined' stop='1597695542931'>
            <name>not string </name>
            <title>not string </title>
            <labels/>
            <parameters/>
            <steps/>
            <attachments/>
            <failure>
                <message>This test was disabled</message>
                <stack-trace>undefined</stack-trace>
            </failure>
        </test-case>
        <test-case start='1597695542931' status='undefined' stop='1597695542931'>
            <name>is defined </name>
            <title>is defined </title>
            <labels/>
            <parameters/>
            <steps/>
            <attachments/>
            <failure>
                <message>This test was disabled</message>
                <stack-trace>undefined</stack-trace>
            </failure>
        </test-case>
        <test-case start='1597695542932' status='passed' stop='1597695542936'>
            <name>lengthArray </name>
            <title>lengthArray </title>
            <labels/>
            <parameters/>
            <steps/>
            <attachments/>
        </test-case>
    </test-cases>
</ns2:test-suite>